Performing C SOURCE FILE Test CMAKE_HAVE_LIBC_PTHREAD failed with the following output:
Change Dir: /home/hryts/UCU/22/aks/words_count_tbb/cmake-build-debug/CMakeFiles/CMakeTmp

Run Build Command(s):/usr/bin/make cmTC_a0ffb/fast && /usr/bin/make -f CMakeFiles/cmTC_a0ffb.dir/build.make CMakeFiles/cmTC_a0ffb.dir/build
make[1]: Entering directory '/home/hryts/UCU/22/aks/words_count_tbb/cmake-build-debug/CMakeFiles/CMakeTmp'
Building C object CMakeFiles/cmTC_a0ffb.dir/src.c.o
/bin/gcc   -DCMAKE_HAVE_LIBC_PTHREAD   -o CMakeFiles/cmTC_a0ffb.dir/src.c.o   -c /home/hryts/UCU/22/aks/words_count_tbb/cmake-build-debug/CMakeFiles/CMakeTmp/src.c
Linking C executable cmTC_a0ffb
/usr/bin/cmake -E cmake_link_script CMakeFiles/cmTC_a0ffb.dir/link.txt --verbose=1
/bin/gcc  -DCMAKE_HAVE_LIBC_PTHREAD    CMakeFiles/cmTC_a0ffb.dir/src.c.o  -o cmTC_a0ffb 
/usr/bin/ld: CMakeFiles/cmTC_a0ffb.dir/src.c.o: in function `main':
src.c:(.text+0x3e): undefined reference to `pthread_create'
/usr/bin/ld: src.c:(.text+0x4a): undefined reference to `pthread_detach'
/usr/bin/ld: src.c:(.text+0x5b): undefined reference to `pthread_join'
collect2: error: ld returned 1 exit status
make[1]: *** [CMakeFiles/cmTC_a0ffb.dir/build.make:87: cmTC_a0ffb] Error 1
make[1]: Leaving directory '/home/hryts/UCU/22/aks/words_count_tbb/cmake-build-debug/CMakeFiles/CMakeTmp'
make: *** [Makefile:121: cmTC_a0ffb/fast] Error 2


Source file was:
#include <pthread.h>

void* test_func(void* data)
{
  return data;
}

int main(void)
{
  pthread_t thread;
  pthread_create(&thread, NULL, test_func, NULL);
  pthread_detach(thread);
  pthread_join(thread, NULL);
  pthread_atfork(NULL, NULL, NULL);
  pthread_exit(NULL);

  return 0;
}

Determining if the function pthread_create exists in the pthreads failed with the following output:
Change Dir: /home/hryts/UCU/22/aks/words_count_tbb/cmake-build-debug/CMakeFiles/CMakeTmp

Run Build Command(s):/usr/bin/make cmTC_780fd/fast && /usr/bin/make -f CMakeFiles/cmTC_780fd.dir/build.make CMakeFiles/cmTC_780fd.dir/build
make[1]: Entering directory '/home/hryts/UCU/22/aks/words_count_tbb/cmake-build-debug/CMakeFiles/CMakeTmp'
Building C object CMakeFiles/cmTC_780fd.dir/CheckFunctionExists.c.o
/bin/gcc   -DCHECK_FUNCTION_EXISTS=pthread_create   -o CMakeFiles/cmTC_780fd.dir/CheckFunctionExists.c.o   -c /usr/share/cmake-3.16/Modules/CheckFunctionExists.c
Linking C executable cmTC_780fd
/usr/bin/cmake -E cmake_link_script CMakeFiles/cmTC_780fd.dir/link.txt --verbose=1
/bin/gcc  -DCHECK_FUNCTION_EXISTS=pthread_create    CMakeFiles/cmTC_780fd.dir/CheckFunctionExists.c.o  -o cmTC_780fd  -lpthreads 
/usr/bin/ld: cannot find -lpthreads
collect2: error: ld returned 1 exit status
make[1]: *** [CMakeFiles/cmTC_780fd.dir/build.make:87: cmTC_780fd] Error 1
make[1]: Leaving directory '/home/hryts/UCU/22/aks/words_count_tbb/cmake-build-debug/CMakeFiles/CMakeTmp'
make: *** [Makefile:121: cmTC_780fd/fast] Error 2



